This is pdfTeX, Version 3.14159265-2.6-1.40.20 (MiKTeX 2.9.7000) (preloaded format=pdflatex 2019.4.9)  25 APR 2019 13:05
entering extended mode
**./thesis.tex
(thesis.tex
LaTeX2e <2018-12-01>
(asu.cls
Document Class: asu 
(/home/gurnben/.miktex/texmfs/install/tex/latex/base/report.cls
Document Class: report 2018/09/03 v1.4i Standard LaTeX document class
(/home/gurnben/.miktex/texmfs/install/tex/latex/base/size12.clo
File: size12.clo 2018/09/03 v1.4i Standard LaTeX file (size option)
)
\c@part=\count80
\c@chapter=\count81
\c@section=\count82
\c@subsection=\count83
\c@subsubsection=\count84
\c@paragraph=\count85
\c@subparagraph=\count86
\c@figure=\count87
\c@table=\count88
\abovecaptionskip=\skip41
\belowcaptionskip=\skip42
\bibindent=\dimen102
))
(/home/gurnben/.miktex/texmfs/install/tex/latex/graphics/graphicx.sty
Package: graphicx 2017/06/01 v1.1a Enhanced LaTeX Graphics (DPC,SPQR)

(/home/gurnben/.miktex/texmfs/install/tex/latex/graphics/keyval.sty
Package: keyval 2014/10/28 v1.15 key=value parser (DPC)
\KV@toks@=\toks14
)
(/home/gurnben/.miktex/texmfs/install/tex/latex/graphics/graphics.sty
Package: graphics 2017/06/25 v1.2c Standard LaTeX Graphics (DPC,SPQR)

(/home/gurnben/.miktex/texmfs/install/tex/latex/graphics/trig.sty
Package: trig 2016/01/03 v1.10 sin cos tan (DPC)
)
(/home/gurnben/.miktex/texmfs/install/tex/latex/graphics-cfg/graphics.cfg
File: graphics.cfg 2016/06/04 v1.11 sample graphics configuration
)
Package graphics Info: Driver file: pdftex.def on input line 99.

(/home/gurnben/.miktex/texmfs/install/tex/latex/graphics-def/pdftex.def
File: pdftex.def 2018/01/08 v1.0l Graphics/color driver for pdftex
))
\Gin@req@height=\dimen103
\Gin@req@width=\dimen104
)
(/home/gurnben/.miktex/texmfs/install/tex/latex/setspace/setspace.sty
Package: setspace 2011/12/19 v6.7a set line spacing
)
(/usr/local/share/miktex-texmf/tex/latex/caption/caption.sty
Package: caption 2018/10/06 v3.3-154 Customizing captions (AR)

(/usr/local/share/miktex-texmf/tex/latex/caption/caption3.sty
Package: caption3 2018/09/12 v1.8c caption3 kernel (AR)
Package caption3 Info: TeX engine: e-TeX on input line 64.
\captionmargin=\dimen105
\captionmargin@=\dimen106
\captionwidth=\dimen107
\caption@tempdima=\dimen108
\caption@indent=\dimen109
\caption@parindent=\dimen110
\caption@hangindent=\dimen111
)
\c@caption@flags=\count89
\c@ContinuedFloat=\count90
)
(/home/gurnben/.miktex/texmfs/install/tex/latex/natbib/natbib.sty
Package: natbib 2010/09/13 8.31b (PWD, AO)
\bibhang=\skip43
\bibsep=\skip44
LaTeX Info: Redefining \cite on input line 694.
\c@NAT@ctr=\count91
)
(/home/gurnben/.miktex/texmfs/install/tex/latex/amsmath/amsmath.sty
Package: amsmath 2018/12/01 v2.17b AMS math features
\@mathmargin=\skip45

For additional information on amsmath, use the `?' option.
(/home/gurnben/.miktex/texmfs/install/tex/latex/amsmath/amstext.sty
Package: amstext 2000/06/29 v2.01 AMS text

(/home/gurnben/.miktex/texmfs/install/tex/latex/amsmath/amsgen.sty
File: amsgen.sty 1999/11/30 v2.0 generic functions
\@emptytoks=\toks15
\ex@=\dimen112
))
(/home/gurnben/.miktex/texmfs/install/tex/latex/amsmath/amsbsy.sty
Package: amsbsy 1999/11/29 v1.2d Bold Symbols
\pmbraise@=\dimen113
)
(/home/gurnben/.miktex/texmfs/install/tex/latex/amsmath/amsopn.sty
Package: amsopn 2016/03/08 v2.02 operator names
)
\inf@bad=\count92
LaTeX Info: Redefining \frac on input line 223.
\uproot@=\count93
\leftroot@=\count94
LaTeX Info: Redefining \overline on input line 385.
\classnum@=\count95
\DOTSCASE@=\count96
LaTeX Info: Redefining \ldots on input line 482.
LaTeX Info: Redefining \dots on input line 485.
LaTeX Info: Redefining \cdots on input line 606.
\Mathstrutbox@=\box27
\strutbox@=\box28
\big@size=\dimen114
LaTeX Font Info:    Redeclaring font encoding OML on input line 729.
LaTeX Font Info:    Redeclaring font encoding OMS on input line 730.
\macc@depth=\count97
\c@MaxMatrixCols=\count98
\dotsspace@=\muskip10
\c@parentequation=\count99
\dspbrk@lvl=\count100
\tag@help=\toks16
\row@=\count101
\column@=\count102
\maxfields@=\count103
\andhelp@=\toks17
\eqnshift@=\dimen115
\alignsep@=\dimen116
\tagshift@=\dimen117
\tagwidth@=\dimen118
\totwidth@=\dimen119
\lineht@=\dimen120
\@envbody=\toks18
\multlinegap=\skip46
\multlinetaggap=\skip47
\mathdisplay@stack=\toks19
LaTeX Info: Redefining \[ on input line 2844.
LaTeX Info: Redefining \] on input line 2845.
)
(/home/gurnben/.miktex/texmfs/install/tex/latex/hyperref/hyperref.sty
Package: hyperref 2018/11/30 v6.88e Hypertext links for LaTeX

(/home/gurnben/.miktex/texmfs/install/tex/generic/oberdiek/hobsub-hyperref.sty
Package: hobsub-hyperref 2016/05/16 v1.14 Bundle oberdiek, subset hyperref (HO)


(/home/gurnben/.miktex/texmfs/install/tex/generic/oberdiek/hobsub-generic.sty
Package: hobsub-generic 2016/05/16 v1.14 Bundle oberdiek, subset generic (HO)
Package: hobsub 2016/05/16 v1.14 Construct package bundles (HO)
Package: infwarerr 2016/05/16 v1.4 Providing info/warning/error messages (HO)
Package: ltxcmds 2016/05/16 v1.23 LaTeX kernel commands for general use (HO)
Package: ifluatex 2016/05/16 v1.4 Provides the ifluatex switch (HO)
Package ifluatex Info: LuaTeX not detected.
Package: ifvtex 2016/05/16 v1.6 Detect VTeX and its facilities (HO)
Package ifvtex Info: VTeX not detected.
Package: intcalc 2016/05/16 v1.2 Expandable calculations with integers (HO)
Package: ifpdf 2018/09/07 v3.3 Provides the ifpdf switch
Package: etexcmds 2016/05/16 v1.6 Avoid name clashes with e-TeX commands (HO)
Package: kvsetkeys 2016/05/16 v1.17 Key value parser (HO)
Package: kvdefinekeys 2016/05/16 v1.4 Define keys (HO)
Package: pdftexcmds 2018/09/10 v0.29 Utility functions of pdfTeX for LuaTeX (HO
)
Package pdftexcmds Info: LuaTeX not detected.
Package pdftexcmds Info: \pdf@primitive is available.
Package pdftexcmds Info: \pdf@ifprimitive is available.
Package pdftexcmds Info: \pdfdraftmode found.
Package: pdfescape 2016/05/16 v1.14 Implements pdfTeX's escape features (HO)
Package: bigintcalc 2016/05/16 v1.4 Expandable calculations on big integers (HO
)
Package: bitset 2016/05/16 v1.2 Handle bit-vector datatype (HO)
Package: uniquecounter 2016/05/16 v1.3 Provide unlimited unique counter (HO)
)
Package hobsub Info: Skipping package `hobsub' (already loaded).
Package: letltxmacro 2016/05/16 v1.5 Let assignment for LaTeX macros (HO)
Package: hopatch 2016/05/16 v1.3 Wrapper for package hooks (HO)
Package: xcolor-patch 2016/05/16 xcolor patch
Package: atveryend 2016/05/16 v1.9 Hooks at the very end of document (HO)
Package atveryend Info: \enddocument detected (standard20110627).
Package: atbegshi 2016/06/09 v1.18 At begin shipout hook (HO)
Package: refcount 2016/05/16 v3.5 Data extraction from label references (HO)
Package: hycolor 2016/05/16 v1.8 Color options for hyperref/bookmark (HO)
) (/home/gurnben/.miktex/texmfs/install/tex/generic/ifxetex/ifxetex.sty
Package: ifxetex 2010/09/12 v0.6 Provides ifxetex conditional
)
(/home/gurnben/.miktex/texmfs/install/tex/latex/oberdiek/auxhook.sty
Package: auxhook 2016/05/16 v1.4 Hooks for auxiliary files (HO)
)
(/home/gurnben/.miktex/texmfs/install/tex/latex/oberdiek/kvoptions.sty
Package: kvoptions 2016/05/16 v3.12 Key value format for package options (HO)
)
\@linkdim=\dimen121
\Hy@linkcounter=\count104
\Hy@pagecounter=\count105

(/home/gurnben/.miktex/texmfs/install/tex/latex/hyperref/pd1enc.def
File: pd1enc.def 2018/11/30 v6.88e Hyperref: PDFDocEncoding definition (HO)
Now handling font encoding PD1 ...
... no UTF-8 mapping file for font encoding PD1
)
\Hy@SavedSpaceFactor=\count106

(/home/gurnben/.miktex/texmfs/install/tex/latex/00miktex/hyperref.cfg
File: hyperref.cfg 2002/06/06 v1.2 hyperref configuration of TeXLive
)
Package hyperref Info: Hyper figures OFF on input line 4519.
Package hyperref Info: Link nesting OFF on input line 4524.
Package hyperref Info: Hyper index ON on input line 4527.
Package hyperref Info: Plain pages OFF on input line 4534.
Package hyperref Info: Backreferencing OFF on input line 4539.
Package hyperref Info: Implicit mode ON; LaTeX internals redefined.
Package hyperref Info: Bookmarks ON on input line 4772.
\c@Hy@tempcnt=\count107

(/home/gurnben/.miktex/texmfs/install/tex/latex/url/url.sty
\Urlmuskip=\muskip11
Package: url 2013/09/16  ver 3.4  Verb mode for urls, etc.
)
LaTeX Info: Redefining \url on input line 5125.
\XeTeXLinkMargin=\dimen122
\Fld@menulength=\count108
\Field@Width=\dimen123
\Fld@charsize=\dimen124
Package hyperref Info: Hyper figures OFF on input line 6380.
Package hyperref Info: Link nesting OFF on input line 6385.
Package hyperref Info: Hyper index ON on input line 6388.
Package hyperref Info: backreferencing OFF on input line 6395.
Package hyperref Info: Link coloring OFF on input line 6400.
Package hyperref Info: Link coloring with OCG OFF on input line 6405.
Package hyperref Info: PDF/A mode OFF on input line 6410.
LaTeX Info: Redefining \ref on input line 6450.
LaTeX Info: Redefining \pageref on input line 6454.
\Hy@abspage=\count109
\c@Item=\count110
\c@Hfootnote=\count111
)
Package hyperref Info: Driver (autodetected): hpdftex.

(/home/gurnben/.miktex/texmfs/install/tex/latex/hyperref/hpdftex.def
File: hpdftex.def 2018/11/30 v6.88e Hyperref driver for pdfTeX
\Fld@listcount=\count112
\c@bookmark@seq@number=\count113

(/home/gurnben/.miktex/texmfs/install/tex/latex/oberdiek/rerunfilecheck.sty
Package: rerunfilecheck 2016/05/16 v1.8 Rerun checks for auxiliary files (HO)
Package uniquecounter Info: New unique counter `rerunfilecheck' on input line 2
82.
)
\Hy@SectionHShift=\skip48
)
(/home/gurnben/.miktex/texmfs/install/tex/latex/tools/longtable.sty
Package: longtable 2014/10/28 v4.11 Multi-page Table package (DPC)+ FMi change
\LTleft=\skip49
\LTright=\skip50
\LTpre=\skip51
\LTpost=\skip52
\LTchunksize=\count114
\LTcapwidth=\dimen125
\LT@head=\box29
\LT@firsthead=\box30
\LT@foot=\box31
\LT@lastfoot=\box32
\LT@cols=\count115
\LT@rows=\count116
\c@LT@tables=\count117
\c@LT@chunks=\count118
\LT@p@ftn=\toks20
)
(/home/gurnben/.miktex/texmfs/install/tex/latex/tools/tabularx.sty
Package: tabularx 2016/02/03 v2.11b `tabularx' package (DPC)

(/home/gurnben/.miktex/texmfs/install/tex/latex/tools/array.sty
Package: array 2018/12/30 v2.4k Tabular extension package (FMi)
\col@sep=\dimen126
\ar@mcellbox=\box33
\extrarowheight=\dimen127
\NC@list=\toks21
\extratabsurround=\skip53
\backup@length=\skip54
\ar@cellbox=\box34
)
\TX@col@width=\dimen128
\TX@old@table=\dimen129
\TX@old@col=\dimen130
\TX@target=\dimen131
\TX@delta=\dimen132
\TX@cols=\count119
\TX@ftn=\toks22
)
(/home/gurnben/.miktex/texmfs/install/tex/latex/graphics/rotating.sty
Package: rotating 2016/08/11 v2.16d rotated objects in LaTeX

(/home/gurnben/.miktex/texmfs/install/tex/latex/base/ifthen.sty
Package: ifthen 2014/09/29 v1.1c Standard LaTeX ifthen package (DPC)
)
\c@r@tfl@t=\count120
\rotFPtop=\skip55
\rotFPbot=\skip56
\rot@float@box=\box35
\rot@mess@toks=\toks23
)
(/home/gurnben/.miktex/texmfs/install/tex/latex/geometry/geometry.sty
Package: geometry 2018/04/16 v5.8 Page Geometry
\Gm@cnth=\count121
\Gm@cntv=\count122
\c@Gm@tempcnt=\count123
\Gm@bindingoffset=\dimen133
\Gm@wd@mp=\dimen134
\Gm@odd@mp=\dimen135
\Gm@even@mp=\dimen136
\Gm@layoutwidth=\dimen137
\Gm@layoutheight=\dimen138
\Gm@layouthoffset=\dimen139
\Gm@layoutvoffset=\dimen140
\Gm@dimlist=\toks24

(/home/gurnben/.miktex/texmfs/install/tex/latex/geometry/geometry.cfg))
(/usr/local/share/miktex-texmf/tex/latex/listings/listings.sty
\lst@mode=\count124
\lst@gtempboxa=\box36
\lst@token=\toks25
\lst@length=\count125
\lst@currlwidth=\dimen141
\lst@column=\count126
\lst@pos=\count127
\lst@lostspace=\dimen142
\lst@width=\dimen143
\lst@newlines=\count128
\lst@lineno=\count129
\lst@maxwidth=\dimen144

(/usr/local/share/miktex-texmf/tex/latex/listings/lstmisc.sty
File: lstmisc.sty 2019/02/27 1.8b (Carsten Heinz)
\c@lstnumber=\count130
\lst@skipnumbers=\count131
\lst@framebox=\box37
)
(/usr/local/share/miktex-texmf/tex/latex/listings/listings.cfg
File: listings.cfg 2019/02/27 1.8b listings configuration
))
Package: listings 2019/02/27 1.8b (Carsten Heinz)

(/usr/local/share/miktex-texmf/tex/latex/listings/lstlang1.sty
File: lstlang1.sty 2019/02/27 1.8b listings language file
)
(/usr/local/share/miktex-texmf/tex/latex/listings/lstlang2.sty
File: lstlang2.sty 2019/02/27 1.8b listings language file
) (thesis.aux

LaTeX Warning: Label `relwork' multiply defined.


LaTeX Warning: Label `objectives' multiply defined.


LaTeX Warning: Label `concl' multiply defined.

)
\openout1 = `thesis.aux'.

LaTeX Font Info:    Checking defaults for OML/cmm/m/it on input line 43.
LaTeX Font Info:    ... okay on input line 43.
LaTeX Font Info:    Checking defaults for T1/cmr/m/n on input line 43.
LaTeX Font Info:    ... okay on input line 43.
LaTeX Font Info:    Checking defaults for OT1/cmr/m/n on input line 43.
LaTeX Font Info:    ... okay on input line 43.
LaTeX Font Info:    Checking defaults for OMS/cmsy/m/n on input line 43.
LaTeX Font Info:    ... okay on input line 43.
LaTeX Font Info:    Checking defaults for OMX/cmex/m/n on input line 43.
LaTeX Font Info:    ... okay on input line 43.
LaTeX Font Info:    Checking defaults for U/cmr/m/n on input line 43.
LaTeX Font Info:    ... okay on input line 43.
LaTeX Font Info:    Checking defaults for PD1/pdf/m/n on input line 43.
LaTeX Font Info:    ... okay on input line 43.
 (/home/gurnben/.miktex/texmfs/install/tex/context/base/mkii/supp-pdf.mkii
[Loading MPS to PDF converter (version 2006.09.02).]
\scratchcounter=\count132
\scratchdimen=\dimen145
\scratchbox=\box38
\nofMPsegments=\count133
\nofMParguments=\count134
\everyMPshowfont=\toks26
\MPscratchCnt=\count135
\MPscratchDim=\dimen146
\MPnumerator=\count136
\makeMPintoPDFobject=\count137
\everyMPtoPDFconversion=\toks27
) (/home/gurnben/.miktex/texmfs/install/tex/latex/oberdiek/epstopdf-base.sty
Package: epstopdf-base 2016/05/15 v2.6 Base part for package epstopdf

(/home/gurnben/.miktex/texmfs/install/tex/latex/oberdiek/grfext.sty
Package: grfext 2016/05/16 v1.2 Manage graphics extensions (HO)
)
Package epstopdf-base Info: Redefining graphics rule for `.eps' on input line 4
38.
Package grfext Info: Graphics extension search list:
(grfext)             [.pdf,.png,.jpg,.mps,.jpeg,.jbig2,.jb2,.PDF,.PNG,.JPG,.JPE
G,.JBIG2,.JB2,.eps]
(grfext)             \AppendGraphicsExtensions on input line 456.
)
Package caption Info: Begin \AtBeginDocument code.
Package caption Info: hyperref package is loaded.
Package caption Info: listings package is loaded.
Package caption Info: longtable package is loaded.

(/usr/local/share/miktex-texmf/tex/latex/caption/ltcaption.sty
Package: ltcaption 2018/08/26 v1.4-95 longtable captions (AR)
)
Package caption Info: rotating package is loaded.
Package caption Info: End \AtBeginDocument code.
\AtBeginShipoutBox=\box39
Package hyperref Info: Link coloring OFF on input line 43.

(/home/gurnben/.miktex/texmfs/install/tex/latex/hyperref/nameref.sty
Package: nameref 2016/05/21 v2.44 Cross-referencing by name of section

(/home/gurnben/.miktex/texmfs/install/tex/generic/oberdiek/gettitlestring.sty
Package: gettitlestring 2016/05/16 v1.5 Cleanup title references (HO)
)
\c@section@level=\count138
)
LaTeX Info: Redefining \ref on input line 43.
LaTeX Info: Redefining \pageref on input line 43.
LaTeX Info: Redefining \nameref on input line 43.
(thesis.out) (thesis.out)
\@outlinefile=\write3
\openout3 = `thesis.out'.


*geometry* driver: auto-detecting
*geometry* detected driver: pdftex
*geometry* verbose mode - [ preamble ] result:
* driver: pdftex
* paper: <default>
* layout: <same size as paper>
* layoutoffset:(h,v)=(0.0pt,0.0pt)
* modes: 
* h-part:(L,W,R)=(90.3375pt, 451.68752pt, 72.26999pt)
* v-part:(T,H,B)=(72.26999pt, 632.3625pt, 90.3375pt)
* \paperwidth=614.295pt
* \paperheight=794.96999pt
* \textwidth=451.68752pt
* \textheight=632.3625pt
* \oddsidemargin=18.0675pt
* \evensidemargin=18.0675pt
* \topmargin=-37.0pt
* \headheight=12.0pt
* \headsep=25.0pt
* \topskip=12.0pt
* \footskip=30.0pt
* \marginparwidth=44.0pt
* \marginparsep=10.0pt
* \columnsep=10.0pt
* \skip\footins=10.8pt plus 4.0pt minus 2.0pt
* \hoffset=0.0pt
* \voffset=0.0pt
* \mag=1000
* \@twocolumnfalse
* \@twosidefalse
* \@mparswitchfalse
* \@reversemarginfalse
* (1in=72.27pt=25.4mm, 1cm=28.453pt)

\c@lstlisting=\count139
[1

{/home/gurnben/.miktex/texmfs/data/pdftex/config/pdftex.map}] [2]
LaTeX Font Info:    Try loading font information for OMS+cmr on input line 47.

(/home/gurnben/.miktex/texmfs/install/tex/latex/base/omscmr.fd
File: omscmr.fd 2014/09/29 v2.5h Standard LaTeX font definitions
)
LaTeX Font Info:    Font shape `OMS/cmr/m/n' in size <12> not available
(Font)              Font shape `OMS/cmsy/m/n' tried instead on input line 47.
 [3] [4]
[5] [6] (thesis.toc
! Misplaced alignment tab character &.
<argument> ...ame }{\numberline {3.1.5}Socket.io &
                                                   WebSockets}\hyper@linkend 
l.23 ...ket.io & WebSockets}{18}{subsection.3.1.5}
                                                  %
? 
[7

])
\tf@toc=\write4
\openout4 = `thesis.toc'.

 [8] (thesis.lof)
\tf@lof=\write5
\openout5 = `thesis.lof'.

 [9

]
Chapter 1.
(intro.tex [1


] [2] [3]
Underfull \hbox (badness 1248) in paragraph at lines 9--9
[]\OT1/cmr/m/n/12 Our architecture for web-based data visualization focuses on 
adaptability,
 []

[4]) [5]
Chapter 2.
(relwork.tex [6

] [7] [8] [9] [10] [11]) [12] [13]
Chapter 3.
(bkgrnd_technical.tex
Underfull \hbox (badness 1436) in paragraph at lines 5--5
\OT1/cmr/m/n/12 as well as some architectural decisions intended to leverage mo
dern framework
 []

[14

] [15]
<images/Thesis_JSON.png, id=373, 417.56pt x 420.57124pt>
File: images/Thesis_JSON.png Graphic file (type png)
<use images/Thesis_JSON.png>
Package pdftex.def Info: images/Thesis_JSON.png  used on input line 19.
(pdftex.def)             Requested size: 289.07999pt x 291.18275pt.
 [16] [17 <./images/Thesis_JSON.png>]
! Misplaced alignment tab character &.
<argument> Socket.io &
                       WebSockets
l.25 \subsection{Socket.io & WebSockets}
                                        
? 

Package hyperref Warning: Token not allowed in a PDF string (PDFDocEncoding):
(hyperref)                removing `alignment tab' on input line 25.

[18]) (bkgrnd_application.tex [19]) [20]
Chapter 4.
(objectives.tex [21

] [22] [23] [24] [25] [26]) [27]
Chapter 5.
(methods_intro.tex) (methods_server_side.tex
Underfull \hbox (badness 1442) in paragraph at lines 5--5
\OT1/cmr/m/n/12 The server-side architecture relies on one primary abstraction 
for datapaths, a
 []

[28

]
<images/ServerSideClassDiagram.png, id=463, 795.97375pt x 744.7825pt>
File: images/ServerSideClassDiagram.png Graphic file (type png)
<use images/ServerSideClassDiagram.png>
Package pdftex.def Info: images/ServerSideClassDiagram.png  used on input line 
8.
(pdftex.def)             Requested size: 433.62pt x 405.73364pt.
<images/DatapathDataChannelExample.jpg, id=464, 2773.36125pt x 740.7675pt>
File: images/DatapathDataChannelExample.jpg Graphic file (type jpg)
<use images/DatapathDataChannelExample.jpg>
Package pdftex.def Info: images/DatapathDataChannelExample.jpg  used on input l
ine 14.
(pdftex.def)             Requested size: 433.62pt x 115.81245pt.
LaTeX Font Info:    Font shape `OMS/cmr/m/it' in size <12> not available
(Font)              Font shape `OMS/cmsy/m/n' tried instead on input line 16.
 [29] [30 <./images/ServerSideClassDiagram.png>] [31 <./images/DatapathDataChan
nelExample.jpg>] [32] [33]
Underfull \hbox (badness 10000) in paragraph at lines 33--33
[]\OT1/cmr/m/n/12 Beestream's concrete configuration file implementation involv
es named
 []

[34]) (methods_data_transmission.tex [35]
<images/ServerClientHandshake.png, id=498, 807.015pt x 986.68625pt>
File: images/ServerClientHandshake.png Graphic file (type png)
<use images/ServerClientHandshake.png>
Package pdftex.def Info: images/ServerClientHandshake.png  used on input line 9
.
(pdftex.def)             Requested size: 289.07999pt x 353.44527pt.
 [36 <./images/ServerClientHandshake.png>]) (methods_client_side.tex [37] [38]
Underfull \hbox (badness 1478) in paragraph at lines 12--12
\OT1/cmr/m/n/12 Angular's framework includes constructs for modules and compone
nts to define
 []

[39]
<images/ClientSide.png, id=518, 1128.215pt x 725.71124pt>
File: images/ClientSide.png Graphic file (type png)
<use images/ClientSide.png>
Package pdftex.def Info: images/ClientSide.png  used on input line 16.
(pdftex.def)             Requested size: 433.62pt x 278.918pt.
 [40 <./images/ClientSide.png>]
<images/ClientDatasetRequestFlow.png, id=527, 807.015pt x 745.78625pt>
File: images/ClientDatasetRequestFlow.png Graphic file (type png)
<use images/ClientDatasetRequestFlow.png>
Package pdftex.def Info: images/ClientDatasetRequestFlow.png  used on input lin
e 26.
(pdftex.def)             Requested size: 289.07999pt x 267.15141pt.
<images/ClientChartUpdateFlow.png, id=528, 807.015pt x 745.78625pt>
File: images/ClientChartUpdateFlow.png Graphic file (type png)
<use images/ClientChartUpdateFlow.png>
Package pdftex.def Info: images/ClientChartUpdateFlow.png  used on input line 3
3.
(pdftex.def)             Requested size: 289.07999pt x 267.15141pt.
 [41 <./images/ClientDatasetRequestFlow.png>] [42 <./images/ClientChartUpdateFl
ow.png>]
Underfull \hbox (badness 1043) in paragraph at lines 43--43
\OT1/cmr/m/n/12 In sections 5.4.1 and 5.4.2, we've frequently referenced a char
t \lifecycle." Our
 []

<images/ClientLifecycle.png, id=540, 807.015pt x 846.16125pt>
File: images/ClientLifecycle.png Graphic file (type png)
<use images/ClientLifecycle.png>
Package pdftex.def Info: images/ClientLifecycle.png  used on input line 46.
(pdftex.def)             Requested size: 289.07999pt x 303.1072pt.

Underfull \hbox (badness 1270) in paragraph at lines 50--50
[]\OT1/cmr/m/n/12 Depending on the charting library, charts can be dynamically 
generated,
 []

[43] [44 <./images/ClientLifecycle.png>]) [45]
Chapter 6.
(results_intro.tex) (results_application.tex [46

]
<images/beestream_screenshot.png, id=560, 1907.125pt x 1082.0425pt>
File: images/beestream_screenshot.png Graphic file (type png)
<use images/beestream_screenshot.png>
Package pdftex.def Info: images/beestream_screenshot.png  used on input line 7.

(pdftex.def)             Requested size: 433.62pt x 246.0247pt.
<images/beestream_screenshot_annotated.png, id=565, 1907.125pt x 1082.0425pt>
File: images/beestream_screenshot_annotated.png Graphic file (type png)
<use images/beestream_screenshot_annotated.png>
Package pdftex.def Info: images/beestream_screenshot_annotated.png  used on inp
ut line 14.
(pdftex.def)             Requested size: 433.62pt x 246.0247pt.
) [47 <./images/beestream_screenshot.png>] (results_server.tex [48 <./images/be
estream_screenshot_annotated.png>] [49]) (results_client.tex [50] [51]) [52]
Chapter 7.
(concl.tex) [53

] [54] (thesis.bbl [55

]
Underfull \hbox (badness 2205) in paragraph at lines 122--126
\OT1/cmr/m/n/12 Genomics Viewer (IGV): high-performance genomics data visualiza
tion and
 []

) [56] (vita.tex)
Package atveryend Info: Empty hook `BeforeClearDocument' on input line 110.
 [57

]
Package atveryend Info: Empty hook `AfterLastShipout' on input line 110.
 (thesis.aux)
Package atveryend Info: Executing hook `AtVeryEndDocument' on input line 110.
Package atveryend Info: Executing hook `AtEndAfterFileList' on input line 110.
Package rerunfilecheck Info: File `thesis.out' has not changed.
(rerunfilecheck)             Checksum: C5B4150B0F6FBC72DD2B4D4EBF5446AC;2772.


LaTeX Warning: There were multiply-defined labels.

Package atveryend Info: Empty hook `AtVeryVeryEnd' on input line 110.
 ) 
Here is how much of TeX's memory you used:
 9590 strings out of 494864
 142987 string characters out of 3178184
 503107 words of memory out of 3000000
 12941 multiletter control sequences out of 15000+200000
 9990 words of font info for 36 fonts, out of 3000000 for 9000
 0 hyphenation exceptions out of 8191
 36i,8n,40p,2310b,479s stack positions out of 5000i,500n,10000p,200000b,50000s
</home/gurnben/.miktex/texmfs/install/fonts/type1/public/amsfonts/cm/cmbx12.p
fb></home/gurnben/.miktex/texmfs/install/fonts/type1/public/amsfonts/cm/cmr10.p
fb></home/gurnben/.miktex/texmfs/install/fonts/type1/public/amsfonts/cm/cmr12.p
fb></home/gurnben/.miktex/texmfs/install/fonts/type1/public/amsfonts/cm/cmsy10.
pfb></home/gurnben/.miktex/texmfs/install/fonts/type1/public/amsfonts/cm/cmti12
.pfb></home/gurnben/.miktex/texmfs/install/fonts/type1/public/amsfonts/cm/cmtt1
2.pfb>
Output written on thesis.pdf (66 pages, 935837 bytes).
PDF statistics:
 685 PDF objects out of 1000 (max. 8388607)
 146 named destinations out of 1000 (max. 500000)
 395 words of extra memory for PDF output out of 10000 (max. 10000000)

